2020-03-17 00:29:40 [INFO ] [Thread-16] o.s.s.c.ThreadPoolTaskExecutor - Shutting down ExecutorService 'applicationTaskExecutor'
2020-03-17 00:29:40 [INFO ] [Thread-16] c.a.d.p.DruidDataSource - {dataSource-1} closing ...
2020-03-17 00:29:40 [INFO ] [Thread-16] c.a.d.p.DruidDataSource - {dataSource-1} closed
2020-03-17 00:29:40 [INFO ] [Thread-16] c.t.t.s.AbstractConnector - Stopped ServerConnector@61250609{HTTP/1.1,[http/1.1]}{0.0.0.0:8080}
2020-03-17 00:29:40 [INFO ] [Thread-16] c.t.t.server.session - node0 Stopped scavenging
2020-03-17 00:29:40 [INFO ] [Thread-16] c.t.t.s.h.C.application - Destroying Spring FrameworkServlet 'dispatcherServlet'
2020-03-17 00:29:40 [INFO ] [Thread-16] c.t.t.s.h.ContextHandler - Stopped c.t.t.s.a.s.TasEmbeddedWebAppContext@1cefda7a{application,/,[file:///C:/Users/Administrator/AppData/Local/Temp/jetty-docbase.763820479977222535.8080/, jar:file:/E:/MavenRepository/com/thunisoft/artery/artery-component/6.1.1/artery-component-6.1.1.jar!/META-INF/resources],UNAVAILABLE}
2020-03-17 00:29:41 [INFO ] [restartedMain] c.w.l.LddwApplication - Starting LddwApplication on E5FZ8HE5VFD1EVO with PID 10684 (F:\project\lddw\target\classes started by Administrator in F:\project\lddw)
2020-03-17 00:29:41 [INFO ] [restartedMain] c.w.l.LddwApplication - The following profiles are active: dev
2020-03-17 00:29:41 [WARN ] [restartedMain] o.m.s.m.ClassPathMapperScanner - No MyBatis mapper was found in '[com.thunisoft.demo.mapper]' package. Please check your configuration.
2020-03-17 00:29:42 [INFO ] [restartedMain] c.t.a.s.p.e.p.ArteryEncryptPropertiesPostProcessor - 开始处理PropertySource
2020-03-17 00:29:42 [INFO ] [restartedMain] o.s.c.s.PostProcessorRegistrationDelegate$BeanPostProcessorChecker - Bean 'com.thunisoft.artery.login.starter.config.ArteryLoginAutoConfigure' of type [com.thunisoft.artery.login.starter.config.ArteryLoginAutoConfigure$$EnhancerBySpringCGLIB$$3836bd16] is not eligible for getting processed by all BeanPostProcessors (for example: not eligible for auto-proxying)
2020-03-17 00:29:42 [INFO ] [restartedMain] o.s.c.s.PostProcessorRegistrationDelegate$BeanPostProcessorChecker - Bean 'credentialsMatcher' of type [org.apache.shiro.authc.credential.HashedCredentialsMatcher] is not eligible for getting processed by all BeanPostProcessors (for example: not eligible for auto-proxying)
2020-03-17 00:29:42 [INFO ] [restartedMain] o.s.c.s.PostProcessorRegistrationDelegate$BeanPostProcessorChecker - Bean 'com.thunisoft.artery.organ.starter.config.ArteryOrganAutoConfigure' of type [com.thunisoft.artery.organ.starter.config.ArteryOrganAutoConfigure$$EnhancerBySpringCGLIB$$e240a616] is not eligible for getting processed by all BeanPostProcessors (for example: not eligible for auto-proxying)
2020-03-17 00:29:43 [INFO ] [restartedMain] o.s.c.s.PostProcessorRegistrationDelegate$BeanPostProcessorChecker - Bean 'mybatis-org.mybatis.spring.boot.autoconfigure.MybatisProperties' of type [org.mybatis.spring.boot.autoconfigure.MybatisProperties] is not eligible for getting processed by all BeanPostProcessors (for example: not eligible for auto-proxying)
2020-03-17 00:29:43 [INFO ] [restartedMain] o.s.c.s.PostProcessorRegistrationDelegate$BeanPostProcessorChecker - Bean 'mybatisAutoConfigure' of type [com.thunisoft.artery.data.MybatisAutoConfigure$$EnhancerBySpringCGLIB$$7766fc7f] is not eligible for getting processed by all BeanPostProcessors (for example: not eligible for auto-proxying)
2020-03-17 00:29:43 [INFO ] [restartedMain] o.s.c.s.PostProcessorRegistrationDelegate$BeanPostProcessorChecker - Bean 'arteryInterceptor' of type [com.thunisoft.artery.data.mybatis.ArteryInterceptor] is not eligible for getting processed by all BeanPostProcessors (for example: not eligible for auto-proxying)
2020-03-17 00:29:43 [INFO ] [restartedMain] o.s.c.s.PostProcessorRegistrationDelegate$BeanPostProcessorChecker - Bean 'com.thunisoft.artery.starter.config.DictSpringConfiguration' of type [com.thunisoft.artery.starter.config.DictSpringConfiguration$$EnhancerBySpringCGLIB$$8c171c9d] is not eligible for getting processed by all BeanPostProcessors (for example: not eligible for auto-proxying)
2020-03-17 00:29:43 [INFO ] [restartedMain] c.t.a.d.c.i.DictCache - 【开始加载数据字典缓存...】
2020-03-17 00:29:44 [INFO ] [restartedMain] c.t.a.d.c.i.DictCache - 数据字典表个数：10
2020-03-17 00:29:44 [INFO ] [restartedMain] c.t.a.d.c.i.DictCache - 〖加载数据字典缓存结束〗
2020-03-17 00:29:44 [INFO ] [restartedMain] o.s.c.s.PostProcessorRegistrationDelegate$BeanPostProcessorChecker - Bean 'dictCache' of type [com.thunisoft.artery.datadict.cache.impl.DictCache] is not eligible for getting processed by all BeanPostProcessors (for example: not eligible for auto-proxying)
2020-03-17 00:29:44 [INFO ] [restartedMain] o.s.c.s.PostProcessorRegistrationDelegate$BeanPostProcessorChecker - Bean 'dictService' of type [com.thunisoft.artery.datadict.service.impl.DictServiceImpl] is not eligible for getting processed by all BeanPostProcessors (for example: not eligible for auto-proxying)
2020-03-17 00:29:44 [INFO ] [restartedMain] o.s.c.s.PostProcessorRegistrationDelegate$BeanPostProcessorChecker - Bean 'dictGroupTagInterceptor' of type [com.thunisoft.artery.datadict.mybatis.interceptor.DictGroupTagInterceptor] is not eligible for getting processed by all BeanPostProcessors (for example: not eligible for auto-proxying)
2020-03-17 00:29:44 [INFO ] [restartedMain] o.s.c.s.PostProcessorRegistrationDelegate$BeanPostProcessorChecker - Bean 'org.mybatis.spring.boot.autoconfigure.MybatisAutoConfiguration' of type [org.mybatis.spring.boot.autoconfigure.MybatisAutoConfiguration$$EnhancerBySpringCGLIB$$92c2a6b2] is not eligible for getting processed by all BeanPostProcessors (for example: not eligible for auto-proxying)
2020-03-17 00:29:44 [INFO ] [restartedMain] o.s.c.s.PostProcessorRegistrationDelegate$BeanPostProcessorChecker - Bean 'com.alibaba.druid.spring.boot.autoconfigure.DruidDataSourceAutoConfigure' of type [com.alibaba.druid.spring.boot.autoconfigure.DruidDataSourceAutoConfigure$$EnhancerBySpringCGLIB$$799a4af4] is not eligible for getting processed by all BeanPostProcessors (for example: not eligible for auto-proxying)
2020-03-17 00:29:44 [INFO ] [restartedMain] c.a.d.s.b.a.DruidDataSourceAutoConfigure - Init DruidDataSource
2020-03-17 00:29:44 [INFO ] [restartedMain] o.s.c.s.PostProcessorRegistrationDelegate$BeanPostProcessorChecker - Bean 'spring.datasource-org.springframework.boot.autoconfigure.jdbc.DataSourceProperties' of type [org.springframework.boot.autoconfigure.jdbc.DataSourceProperties] is not eligible for getting processed by all BeanPostProcessors (for example: not eligible for auto-proxying)
2020-03-17 00:29:44 [INFO ] [restartedMain] c.a.d.p.DruidDataSource - {dataSource-2} inited
2020-03-17 00:29:44 [INFO ] [restartedMain] o.s.c.s.PostProcessorRegistrationDelegate$BeanPostProcessorChecker - Bean 'dataSource' of type [com.alibaba.druid.spring.boot.autoconfigure.DruidDataSourceWrapper] is not eligible for getting processed by all BeanPostProcessors (for example: not eligible for auto-proxying)
2020-03-17 00:29:44 [INFO ] [restartedMain] o.s.c.s.PostProcessorRegistrationDelegate$BeanPostProcessorChecker - Bean 'sqlSessionFactory' of type [org.apache.ibatis.session.defaults.DefaultSqlSessionFactory] is not eligible for getting processed by all BeanPostProcessors (for example: not eligible for auto-proxying)
2020-03-17 00:29:44 [INFO ] [restartedMain] o.s.c.s.PostProcessorRegistrationDelegate$BeanPostProcessorChecker - Bean 'sqlSessionTemplate' of type [org.mybatis.spring.SqlSessionTemplate] is not eligible for getting processed by all BeanPostProcessors (for example: not eligible for auto-proxying)
2020-03-17 00:29:44 [INFO ] [restartedMain] o.s.c.s.PostProcessorRegistrationDelegate$BeanPostProcessorChecker - Bean 'corpMapper' of type [org.mybatis.spring.mapper.MapperFactoryBean] is not eligible for getting processed by all BeanPostProcessors (for example: not eligible for auto-proxying)
2020-03-17 00:29:44 [INFO ] [restartedMain] o.s.c.s.PostProcessorRegistrationDelegate$BeanPostProcessorChecker - Bean 'corpMapper' of type [com.sun.proxy.$Proxy141] is not eligible for getting processed by all BeanPostProcessors (for example: not eligible for auto-proxying)
2020-03-17 00:29:44 [INFO ] [restartedMain] o.s.c.s.PostProcessorRegistrationDelegate$BeanPostProcessorChecker - Bean 'deptMapper' of type [org.mybatis.spring.mapper.MapperFactoryBean] is not eligible for getting processed by all BeanPostProcessors (for example: not eligible for auto-proxying)
2020-03-17 00:29:44 [INFO ] [restartedMain] o.s.c.s.PostProcessorRegistrationDelegate$BeanPostProcessorChecker - Bean 'deptMapper' of type [com.sun.proxy.$Proxy142] is not eligible for getting processed by all BeanPostProcessors (for example: not eligible for auto-proxying)
2020-03-17 00:29:44 [INFO ] [restartedMain] o.s.c.s.PostProcessorRegistrationDelegate$BeanPostProcessorChecker - Bean 'userMapper' of type [org.mybatis.spring.mapper.MapperFactoryBean] is not eligible for getting processed by all BeanPostProcessors (for example: not eligible for auto-proxying)
2020-03-17 00:29:44 [INFO ] [restartedMain] o.s.c.s.PostProcessorRegistrationDelegate$BeanPostProcessorChecker - Bean 'userMapper' of type [com.sun.proxy.$Proxy143] is not eligible for getting processed by all BeanPostProcessors (for example: not eligible for auto-proxying)
2020-03-17 00:29:44 [INFO ] [restartedMain] o.s.c.s.PostProcessorRegistrationDelegate$BeanPostProcessorChecker - Bean 'com.thunisoft.artery.starter.config.ArteryStarterAutoConfigure' of type [com.thunisoft.artery.starter.config.ArteryStarterAutoConfigure$$EnhancerBySpringCGLIB$$6fba3295] is not eligible for getting processed by all BeanPostProcessors (for example: not eligible for auto-proxying)
2020-03-17 00:29:44 [INFO ] [restartedMain] o.s.c.s.PostProcessorRegistrationDelegate$BeanPostProcessorChecker - Bean 'spring.cache-org.springframework.boot.autoconfigure.cache.CacheProperties' of type [org.springframework.boot.autoconfigure.cache.CacheProperties] is not eligible for getting processed by all BeanPostProcessors (for example: not eligible for auto-proxying)
2020-03-17 00:29:44 [INFO ] [restartedMain] o.s.c.s.PostProcessorRegistrationDelegate$BeanPostProcessorChecker - Bean 'org.springframework.boot.autoconfigure.cache.CacheAutoConfiguration' of type [org.springframework.boot.autoconfigure.cache.CacheAutoConfiguration$$EnhancerBySpringCGLIB$$9d745044] is not eligible for getting processed by all BeanPostProcessors (for example: not eligible for auto-proxying)
2020-03-17 00:29:44 [INFO ] [restartedMain] o.s.c.s.PostProcessorRegistrationDelegate$BeanPostProcessorChecker - Bean 'cacheManagerCustomizers' of type [org.springframework.boot.autoconfigure.cache.CacheManagerCustomizers] is not eligible for getting processed by all BeanPostProcessors (for example: not eligible for auto-proxying)
2020-03-17 00:29:44 [INFO ] [restartedMain] o.s.c.s.PostProcessorRegistrationDelegate$BeanPostProcessorChecker - Bean 'org.springframework.boot.autoconfigure.cache.SimpleCacheConfiguration' of type [org.springframework.boot.autoconfigure.cache.SimpleCacheConfiguration$$EnhancerBySpringCGLIB$$3f0fc325] is not eligible for getting processed by all BeanPostProcessors (for example: not eligible for auto-proxying)
2020-03-17 00:29:44 [INFO ] [restartedMain] o.s.c.s.PostProcessorRegistrationDelegate$BeanPostProcessorChecker - Bean 'cacheManager' of type [org.springframework.cache.concurrent.ConcurrentMapCacheManager] is not eligible for getting processed by all BeanPostProcessors (for example: not eligible for auto-proxying)
2020-03-17 00:29:44 [INFO ] [restartedMain] o.s.c.s.PostProcessorRegistrationDelegate$BeanPostProcessorChecker - Bean 'arteryCacheManager' of type [com.thunisoft.artery.spring.cache.ArteryCacheManager] is not eligible for getting processed by all BeanPostProcessors (for example: not eligible for auto-proxying)
2020-03-17 00:29:44 [INFO ] [restartedMain] o.s.c.s.PostProcessorRegistrationDelegate$BeanPostProcessorChecker - Bean 'organCache' of type [com.thunisoft.artery.organ.organ.cache.ArteryOrganCache] is not eligible for getting processed by all BeanPostProcessors (for example: not eligible for auto-proxying)
2020-03-17 00:29:44 [INFO ] [restartedMain] o.s.c.s.PostProcessorRegistrationDelegate$BeanPostProcessorChecker - Bean 'organService' of type [com.thunisoft.artery.organ.organ.OrganService] is not eligible for getting processed by all BeanPostProcessors (for example: not eligible for auto-proxying)
2020-03-17 00:29:44 [INFO ] [restartedMain] o.s.c.s.PostProcessorRegistrationDelegate$BeanPostProcessorChecker - Bean 'rightMapper' of type [org.mybatis.spring.mapper.MapperFactoryBean] is not eligible for getting processed by all BeanPostProcessors (for example: not eligible for auto-proxying)
2020-03-17 00:29:44 [INFO ] [restartedMain] o.s.c.s.PostProcessorRegistrationDelegate$BeanPostProcessorChecker - Bean 'rightMapper' of type [com.sun.proxy.$Proxy144] is not eligible for getting processed by all BeanPostProcessors (for example: not eligible for auto-proxying)
2020-03-17 00:29:44 [INFO ] [restartedMain] o.s.c.s.PostProcessorRegistrationDelegate$BeanPostProcessorChecker - Bean 'roleRightMapper' of type [org.mybatis.spring.mapper.MapperFactoryBean] is not eligible for getting processed by all BeanPostProcessors (for example: not eligible for auto-proxying)
2020-03-17 00:29:44 [INFO ] [restartedMain] o.s.c.s.PostProcessorRegistrationDelegate$BeanPostProcessorChecker - Bean 'roleRightMapper' of type [com.sun.proxy.$Proxy145] is not eligible for getting processed by all BeanPostProcessors (for example: not eligible for auto-proxying)
2020-03-17 00:29:44 [INFO ] [restartedMain] o.s.c.s.PostProcessorRegistrationDelegate$BeanPostProcessorChecker - Bean 'userRightMapper' of type [org.mybatis.spring.mapper.MapperFactoryBean] is not eligible for getting processed by all BeanPostProcessors (for example: not eligible for auto-proxying)
2020-03-17 00:29:44 [INFO ] [restartedMain] o.s.c.s.PostProcessorRegistrationDelegate$BeanPostProcessorChecker - Bean 'userRightMapper' of type [com.sun.proxy.$Proxy146] is not eligible for getting processed by all BeanPostProcessors (for example: not eligible for auto-proxying)
2020-03-17 00:29:44 [INFO ] [restartedMain] o.s.c.s.PostProcessorRegistrationDelegate$BeanPostProcessorChecker - Bean 'roleMapper' of type [org.mybatis.spring.mapper.MapperFactoryBean] is not eligible for getting processed by all BeanPostProcessors (for example: not eligible for auto-proxying)
2020-03-17 00:29:44 [INFO ] [restartedMain] o.s.c.s.PostProcessorRegistrationDelegate$BeanPostProcessorChecker - Bean 'roleMapper' of type [com.sun.proxy.$Proxy147] is not eligible for getting processed by all BeanPostProcessors (for example: not eligible for auto-proxying)
2020-03-17 00:29:44 [INFO ] [restartedMain] o.s.c.s.PostProcessorRegistrationDelegate$BeanPostProcessorChecker - Bean 'rightService' of type [com.thunisoft.artery.organ.right.RightService] is not eligible for getting processed by all BeanPostProcessors (for example: not eligible for auto-proxying)
2020-03-17 00:29:44 [INFO ] [restartedMain] o.s.c.s.PostProcessorRegistrationDelegate$BeanPostProcessorChecker - Bean 'roleService' of type [com.thunisoft.artery.organ.role.RoleService] is not eligible for getting processed by all BeanPostProcessors (for example: not eligible for auto-proxying)
2020-03-17 00:29:44 [INFO ] [restartedMain] o.s.c.s.PostProcessorRegistrationDelegate$BeanPostProcessorChecker - Bean 'com.thunisoft.artery.login.starter.config.ArteryLoginConfigAutoConfigure' of type [com.thunisoft.artery.login.starter.config.ArteryLoginConfigAutoConfigure$$EnhancerBySpringCGLIB$$b43178b4] is not eligible for getting processed by all BeanPostProcessors (for example: not eligible for auto-proxying)
2020-03-17 00:29:44 [INFO ] [restartedMain] o.s.c.s.PostProcessorRegistrationDelegate$BeanPostProcessorChecker - Bean 'arteryLoginConfig' of type [com.thunisoft.artery.login.model.DefaultArteryLoginConfig] is not eligible for getting processed by all BeanPostProcessors (for example: not eligible for auto-proxying)
2020-03-17 00:29:44 [INFO ] [restartedMain] o.s.c.s.PostProcessorRegistrationDelegate$BeanPostProcessorChecker - Bean 'arteryRealm' of type [com.thunisoft.artery.login.shiro.realm.ArteryRealm] is not eligible for getting processed by all BeanPostProcessors (for example: not eligible for auto-proxying)
2020-03-17 00:29:44 [INFO ] [restartedMain] o.s.c.s.PostProcessorRegistrationDelegate$BeanPostProcessorChecker - Bean 'shiroCacheManager' of type [com.thunisoft.artery.login.starter.cache.MemoryCacheManager] is not eligible for getting processed by all BeanPostProcessors (for example: not eligible for auto-proxying)
2020-03-17 00:29:44 [INFO ] [restartedMain] o.s.c.s.PostProcessorRegistrationDelegate$BeanPostProcessorChecker - Bean 'securityManager' of type [org.apache.shiro.web.mgt.DefaultWebSecurityManager] is not eligible for getting processed by all BeanPostProcessors (for example: not eligible for auto-proxying)
2020-03-17 00:29:44 [INFO ] [restartedMain] o.s.c.s.PostProcessorRegistrationDelegate$BeanPostProcessorChecker - Bean 'authorizationAttributeSourceAdvisor' of type [org.apache.shiro.spring.security.interceptor.AuthorizationAttributeSourceAdvisor] is not eligible for getting processed by all BeanPostProcessors (for example: not eligible for auto-proxying)
2020-03-17 00:29:44 [INFO ] [restartedMain] o.s.c.s.PostProcessorRegistrationDelegate$BeanPostProcessorChecker - Bean 'org.springframework.transaction.annotation.ProxyTransactionManagementConfiguration' of type [org.springframework.transaction.annotation.ProxyTransactionManagementConfiguration$$EnhancerBySpringCGLIB$$5fee5582] is not eligible for getting processed by all BeanPostProcessors (for example: not eligible for auto-proxying)
2020-03-17 00:29:45 [INFO ] [restartedMain] o.s.b.w.e.j.TasServletWebServerFactory - Server initialized with port: 8080
2020-03-17 00:29:45 [WARN ] [restartedMain] c.t.t.s.AbstractConnector - Ignoring deprecated socket close linger time
2020-03-17 00:29:45 [INFO ] [restartedMain] c.t.t.server.Server - tas-9.4.z-SNAPSHOT; built: 2019-06-10T16:30:51.723Z; git: afcf563148970e98786327af5e07c261fda175d3; jvm 11.0.5+10-b520.38
2020-03-17 00:29:45 [INFO ] [restartedMain] c.t.t.s.h.C.application - Initializing Spring embedded WebApplicationContext
2020-03-17 00:29:45 [INFO ] [restartedMain] o.s.w.c.ContextLoader - Root WebApplicationContext: initialization completed in 4532 ms
2020-03-17 00:29:45 [INFO ] [restartedMain] c.t.t.server.session - DefaultSessionIdManager workerName=node0
2020-03-17 00:29:45 [INFO ] [restartedMain] c.t.t.server.session - No SessionScavenger set, using defaults
2020-03-17 00:29:45 [INFO ] [restartedMain] c.t.t.server.session - node0 Scavenging every 600000ms
2020-03-17 00:29:45 [INFO ] [restartedMain] c.t.t.s.h.ContextHandler - Started c.t.t.s.a.s.TasEmbeddedWebAppContext@3d968cde{application,/,[file:///C:/Users/Administrator/AppData/Local/Temp/jetty-docbase.14393038189251924631.8080/, jar:file:/E:/MavenRepository/com/thunisoft/artery/artery-component/6.1.1/artery-component-6.1.1.jar!/META-INF/resources],AVAILABLE}
2020-03-17 00:29:45 [INFO ] [restartedMain] c.t.t.server.Server - Started @2263739ms
2020-03-17 00:29:46 [INFO ] [restartedMain] o.s.s.c.ThreadPoolTaskExecutor - Initializing ExecutorService 'applicationTaskExecutor'
2020-03-17 00:29:47 [INFO ] [restartedMain] o.s.b.d.a.OptionalLiveReloadServer - LiveReload server is running on port 35729
2020-03-17 00:29:47 [INFO ] [restartedMain] c.t.t.s.h.C.application - Initializing Spring DispatcherServlet 'dispatcherServlet'
2020-03-17 00:29:47 [INFO ] [restartedMain] o.s.w.s.DispatcherServlet - Initializing Servlet 'dispatcherServlet'
2020-03-17 00:29:47 [INFO ] [restartedMain] o.s.w.s.DispatcherServlet - Completed initialization in 61 ms
2020-03-17 00:29:47 [INFO ] [restartedMain] c.t.t.s.AbstractConnector - Started ServerConnector@5cba31a6{HTTP/1.1,[http/1.1]}{0.0.0.0:8080}
2020-03-17 00:29:47 [INFO ] [restartedMain] c.t.t.s.a.s.TasWebServer - Tas 启动成功，端口号： 8080 (http/1.1), contextPath: '/'
2020-03-17 00:29:47 [INFO ] [restartedMain] c.w.l.LddwApplication - Started LddwApplication in 6.889 seconds (JVM running for 2265.749)
2020-03-17 00:29:48 [INFO ] [restartedMain] o.s.b.d.a.ConditionEvaluationDeltaLoggingListener - Condition evaluation unchanged
2020-03-17 00:29:50 [INFO ] [Thread-40] o.s.s.c.ThreadPoolTaskExecutor - Shutting down ExecutorService 'applicationTaskExecutor'
2020-03-17 00:29:50 [INFO ] [Thread-40] c.a.d.p.DruidDataSource - {dataSource-2} closing ...
2020-03-17 00:29:50 [INFO ] [Thread-40] c.a.d.p.DruidDataSource - {dataSource-2} closed
2020-03-17 00:29:50 [INFO ] [Thread-40] c.t.t.s.AbstractConnector - Stopped ServerConnector@5cba31a6{HTTP/1.1,[http/1.1]}{0.0.0.0:8080}
2020-03-17 00:29:50 [INFO ] [Thread-40] c.t.t.server.session - node0 Stopped scavenging
2020-03-17 00:29:50 [INFO ] [Thread-40] c.t.t.s.h.C.application - Destroying Spring FrameworkServlet 'dispatcherServlet'
2020-03-17 00:29:50 [INFO ] [Thread-40] c.t.t.s.h.ContextHandler - Stopped c.t.t.s.a.s.TasEmbeddedWebAppContext@3d968cde{application,/,[file:///C:/Users/Administrator/AppData/Local/Temp/jetty-docbase.14393038189251924631.8080/, jar:file:/E:/MavenRepository/com/thunisoft/artery/artery-component/6.1.1/artery-component-6.1.1.jar!/META-INF/resources],UNAVAILABLE}
2020-03-17 00:31:41 [INFO ] [restartedMain] c.w.l.LddwApplication - Starting LddwApplication on E5FZ8HE5VFD1EVO with PID 17056 (F:\project\lddw\target\classes started by Administrator in F:\project\lddw)
2020-03-17 00:31:41 [INFO ] [restartedMain] c.w.l.LddwApplication - The following profiles are active: dev
2020-03-17 00:31:41 [INFO ] [restartedMain] o.s.b.d.e.DevToolsPropertyDefaultsPostProcessor - Devtools property defaults active! Set 'spring.devtools.add-properties' to 'false' to disable
2020-03-17 00:31:41 [INFO ] [restartedMain] o.s.b.d.e.DevToolsPropertyDefaultsPostProcessor - For additional web related logging consider setting the 'logging.level.web' property to 'DEBUG'
2020-03-17 00:31:42 [WARN ] [restartedMain] o.m.s.m.ClassPathMapperScanner - No MyBatis mapper was found in '[com.thunisoft.demo.mapper]' package. Please check your configuration.
2020-03-17 00:31:43 [INFO ] [restartedMain] c.t.a.s.p.e.p.ArteryEncryptPropertiesPostProcessor - 开始处理PropertySource
2020-03-17 00:31:43 [INFO ] [restartedMain] o.s.c.s.PostProcessorRegistrationDelegate$BeanPostProcessorChecker - Bean 'com.thunisoft.artery.login.starter.config.ArteryLoginAutoConfigure' of type [com.thunisoft.artery.login.starter.config.ArteryLoginAutoConfigure$$EnhancerBySpringCGLIB$$3e78554e] is not eligible for getting processed by all BeanPostProcessors (for example: not eligible for auto-proxying)
2020-03-17 00:31:43 [INFO ] [restartedMain] o.s.c.s.PostProcessorRegistrationDelegate$BeanPostProcessorChecker - Bean 'credentialsMatcher' of type [org.apache.shiro.authc.credential.HashedCredentialsMatcher] is not eligible for getting processed by all BeanPostProcessors (for example: not eligible for auto-proxying)
2020-03-17 00:31:43 [INFO ] [restartedMain] o.s.c.s.PostProcessorRegistrationDelegate$BeanPostProcessorChecker - Bean 'com.thunisoft.artery.organ.starter.config.ArteryOrganAutoConfigure' of type [com.thunisoft.artery.organ.starter.config.ArteryOrganAutoConfigure$$EnhancerBySpringCGLIB$$e8823e4e] is not eligible for getting processed by all BeanPostProcessors (for example: not eligible for auto-proxying)
2020-03-17 00:31:44 [INFO ] [restartedMain] o.s.c.s.PostProcessorRegistrationDelegate$BeanPostProcessorChecker - Bean 'mybatis-org.mybatis.spring.boot.autoconfigure.MybatisProperties' of type [org.mybatis.spring.boot.autoconfigure.MybatisProperties] is not eligible for getting processed by all BeanPostProcessors (for example: not eligible for auto-proxying)
2020-03-17 00:31:44 [INFO ] [restartedMain] o.s.c.s.PostProcessorRegistrationDelegate$BeanPostProcessorChecker - Bean 'mybatisAutoConfigure' of type [com.thunisoft.artery.data.MybatisAutoConfigure$$EnhancerBySpringCGLIB$$7da894b7] is not eligible for getting processed by all BeanPostProcessors (for example: not eligible for auto-proxying)
2020-03-17 00:31:44 [INFO ] [restartedMain] o.s.c.s.PostProcessorRegistrationDelegate$BeanPostProcessorChecker - Bean 'arteryInterceptor' of type [com.thunisoft.artery.data.mybatis.ArteryInterceptor] is not eligible for getting processed by all BeanPostProcessors (for example: not eligible for auto-proxying)
2020-03-17 00:31:44 [INFO ] [restartedMain] o.s.c.s.PostProcessorRegistrationDelegate$BeanPostProcessorChecker - Bean 'com.thunisoft.artery.starter.config.DictSpringConfiguration' of type [com.thunisoft.artery.starter.config.DictSpringConfiguration$$EnhancerBySpringCGLIB$$9258b4d5] is not eligible for getting processed by all BeanPostProcessors (for example: not eligible for auto-proxying)
2020-03-17 00:31:44 [INFO ] [restartedMain] c.t.a.d.c.i.DictCache - 【开始加载数据字典缓存...】
2020-03-17 00:31:44 [INFO ] [restartedMain] c.t.a.d.c.i.DictCache - 数据字典表个数：10
2020-03-17 00:31:44 [INFO ] [restartedMain] c.t.a.d.c.i.DictCache - 〖加载数据字典缓存结束〗
2020-03-17 00:31:44 [INFO ] [restartedMain] o.s.c.s.PostProcessorRegistrationDelegate$BeanPostProcessorChecker - Bean 'dictCache' of type [com.thunisoft.artery.datadict.cache.impl.DictCache] is not eligible for getting processed by all BeanPostProcessors (for example: not eligible for auto-proxying)
2020-03-17 00:31:44 [INFO ] [restartedMain] o.s.c.s.PostProcessorRegistrationDelegate$BeanPostProcessorChecker - Bean 'dictService' of type [com.thunisoft.artery.datadict.service.impl.DictServiceImpl] is not eligible for getting processed by all BeanPostProcessors (for example: not eligible for auto-proxying)
2020-03-17 00:31:44 [INFO ] [restartedMain] o.s.c.s.PostProcessorRegistrationDelegate$BeanPostProcessorChecker - Bean 'dictGroupTagInterceptor' of type [com.thunisoft.artery.datadict.mybatis.interceptor.DictGroupTagInterceptor] is not eligible for getting processed by all BeanPostProcessors (for example: not eligible for auto-proxying)
2020-03-17 00:31:44 [INFO ] [restartedMain] o.s.c.s.PostProcessorRegistrationDelegate$BeanPostProcessorChecker - Bean 'org.mybatis.spring.boot.autoconfigure.MybatisAutoConfiguration' of type [org.mybatis.spring.boot.autoconfigure.MybatisAutoConfiguration$$EnhancerBySpringCGLIB$$99043eea] is not eligible for getting processed by all BeanPostProcessors (for example: not eligible for auto-proxying)
2020-03-17 00:31:44 [INFO ] [restartedMain] o.s.c.s.PostProcessorRegistrationDelegate$BeanPostProcessorChecker - Bean 'com.alibaba.druid.spring.boot.autoconfigure.DruidDataSourceAutoConfigure' of type [com.alibaba.druid.spring.boot.autoconfigure.DruidDataSourceAutoConfigure$$EnhancerBySpringCGLIB$$7fdbe32c] is not eligible for getting processed by all BeanPostProcessors (for example: not eligible for auto-proxying)
2020-03-17 00:31:44 [INFO ] [restartedMain] c.a.d.s.b.a.DruidDataSourceAutoConfigure - Init DruidDataSource
2020-03-17 00:31:44 [INFO ] [restartedMain] o.s.c.s.PostProcessorRegistrationDelegate$BeanPostProcessorChecker - Bean 'spring.datasource-org.springframework.boot.autoconfigure.jdbc.DataSourceProperties' of type [org.springframework.boot.autoconfigure.jdbc.DataSourceProperties] is not eligible for getting processed by all BeanPostProcessors (for example: not eligible for auto-proxying)
2020-03-17 00:31:44 [INFO ] [restartedMain] c.a.d.p.DruidDataSource - {dataSource-1} inited
2020-03-17 00:31:44 [INFO ] [restartedMain] o.s.c.s.PostProcessorRegistrationDelegate$BeanPostProcessorChecker - Bean 'dataSource' of type [com.alibaba.druid.spring.boot.autoconfigure.DruidDataSourceWrapper] is not eligible for getting processed by all BeanPostProcessors (for example: not eligible for auto-proxying)
2020-03-17 00:31:44 [INFO ] [restartedMain] o.s.c.s.PostProcessorRegistrationDelegate$BeanPostProcessorChecker - Bean 'sqlSessionFactory' of type [org.apache.ibatis.session.defaults.DefaultSqlSessionFactory] is not eligible for getting processed by all BeanPostProcessors (for example: not eligible for auto-proxying)
2020-03-17 00:31:44 [INFO ] [restartedMain] o.s.c.s.PostProcessorRegistrationDelegate$BeanPostProcessorChecker - Bean 'sqlSessionTemplate' of type [org.mybatis.spring.SqlSessionTemplate] is not eligible for getting processed by all BeanPostProcessors (for example: not eligible for auto-proxying)
2020-03-17 00:31:44 [INFO ] [restartedMain] o.s.c.s.PostProcessorRegistrationDelegate$BeanPostProcessorChecker - Bean 'corpMapper' of type [org.mybatis.spring.mapper.MapperFactoryBean] is not eligible for getting processed by all BeanPostProcessors (for example: not eligible for auto-proxying)
2020-03-17 00:31:44 [INFO ] [restartedMain] o.s.c.s.PostProcessorRegistrationDelegate$BeanPostProcessorChecker - Bean 'corpMapper' of type [com.sun.proxy.$Proxy68] is not eligible for getting processed by all BeanPostProcessors (for example: not eligible for auto-proxying)
2020-03-17 00:31:44 [INFO ] [restartedMain] o.s.c.s.PostProcessorRegistrationDelegate$BeanPostProcessorChecker - Bean 'deptMapper' of type [org.mybatis.spring.mapper.MapperFactoryBean] is not eligible for getting processed by all BeanPostProcessors (for example: not eligible for auto-proxying)
2020-03-17 00:31:44 [INFO ] [restartedMain] o.s.c.s.PostProcessorRegistrationDelegate$BeanPostProcessorChecker - Bean 'deptMapper' of type [com.sun.proxy.$Proxy69] is not eligible for getting processed by all BeanPostProcessors (for example: not eligible for auto-proxying)
2020-03-17 00:31:44 [INFO ] [restartedMain] o.s.c.s.PostProcessorRegistrationDelegate$BeanPostProcessorChecker - Bean 'userMapper' of type [org.mybatis.spring.mapper.MapperFactoryBean] is not eligible for getting processed by all BeanPostProcessors (for example: not eligible for auto-proxying)
2020-03-17 00:31:44 [INFO ] [restartedMain] o.s.c.s.PostProcessorRegistrationDelegate$BeanPostProcessorChecker - Bean 'userMapper' of type [com.sun.proxy.$Proxy70] is not eligible for getting processed by all BeanPostProcessors (for example: not eligible for auto-proxying)
2020-03-17 00:31:44 [INFO ] [restartedMain] o.s.c.s.PostProcessorRegistrationDelegate$BeanPostProcessorChecker - Bean 'com.thunisoft.artery.starter.config.ArteryStarterAutoConfigure' of type [com.thunisoft.artery.starter.config.ArteryStarterAutoConfigure$$EnhancerBySpringCGLIB$$75fbcacd] is not eligible for getting processed by all BeanPostProcessors (for example: not eligible for auto-proxying)
2020-03-17 00:31:44 [INFO ] [restartedMain] o.s.c.s.PostProcessorRegistrationDelegate$BeanPostProcessorChecker - Bean 'spring.cache-org.springframework.boot.autoconfigure.cache.CacheProperties' of type [org.springframework.boot.autoconfigure.cache.CacheProperties] is not eligible for getting processed by all BeanPostProcessors (for example: not eligible for auto-proxying)
2020-03-17 00:31:44 [INFO ] [restartedMain] o.s.c.s.PostProcessorRegistrationDelegate$BeanPostProcessorChecker - Bean 'org.springframework.boot.autoconfigure.cache.CacheAutoConfiguration' of type [org.springframework.boot.autoconfigure.cache.CacheAutoConfiguration$$EnhancerBySpringCGLIB$$a3b5e87c] is not eligible for getting processed by all BeanPostProcessors (for example: not eligible for auto-proxying)
2020-03-17 00:31:44 [INFO ] [restartedMain] o.s.c.s.PostProcessorRegistrationDelegate$BeanPostProcessorChecker - Bean 'cacheManagerCustomizers' of type [org.springframework.boot.autoconfigure.cache.CacheManagerCustomizers] is not eligible for getting processed by all BeanPostProcessors (for example: not eligible for auto-proxying)
2020-03-17 00:31:44 [INFO ] [restartedMain] o.s.c.s.PostProcessorRegistrationDelegate$BeanPostProcessorChecker - Bean 'org.springframework.boot.autoconfigure.cache.SimpleCacheConfiguration' of type [org.springframework.boot.autoconfigure.cache.SimpleCacheConfiguration$$EnhancerBySpringCGLIB$$45515b5d] is not eligible for getting processed by all BeanPostProcessors (for example: not eligible for auto-proxying)
2020-03-17 00:31:44 [INFO ] [restartedMain] o.s.c.s.PostProcessorRegistrationDelegate$BeanPostProcessorChecker - Bean 'cacheManager' of type [org.springframework.cache.concurrent.ConcurrentMapCacheManager] is not eligible for getting processed by all BeanPostProcessors (for example: not eligible for auto-proxying)
2020-03-17 00:31:44 [INFO ] [restartedMain] o.s.c.s.PostProcessorRegistrationDelegate$BeanPostProcessorChecker - Bean 'arteryCacheManager' of type [com.thunisoft.artery.spring.cache.ArteryCacheManager] is not eligible for getting processed by all BeanPostProcessors (for example: not eligible for auto-proxying)
2020-03-17 00:31:44 [INFO ] [restartedMain] o.s.c.s.PostProcessorRegistrationDelegate$BeanPostProcessorChecker - Bean 'organCache' of type [com.thunisoft.artery.organ.organ.cache.ArteryOrganCache] is not eligible for getting processed by all BeanPostProcessors (for example: not eligible for auto-proxying)
2020-03-17 00:31:44 [INFO ] [restartedMain] o.s.c.s.PostProcessorRegistrationDelegate$BeanPostProcessorChecker - Bean 'organService' of type [com.thunisoft.artery.organ.organ.OrganService] is not eligible for getting processed by all BeanPostProcessors (for example: not eligible for auto-proxying)
2020-03-17 00:31:44 [INFO ] [restartedMain] o.s.c.s.PostProcessorRegistrationDelegate$BeanPostProcessorChecker - Bean 'rightMapper' of type [org.mybatis.spring.mapper.MapperFactoryBean] is not eligible for getting processed by all BeanPostProcessors (for example: not eligible for auto-proxying)
2020-03-17 00:31:44 [INFO ] [restartedMain] o.s.c.s.PostProcessorRegistrationDelegate$BeanPostProcessorChecker - Bean 'rightMapper' of type [com.sun.proxy.$Proxy72] is not eligible for getting processed by all BeanPostProcessors (for example: not eligible for auto-proxying)
2020-03-17 00:31:44 [INFO ] [restartedMain] o.s.c.s.PostProcessorRegistrationDelegate$BeanPostProcessorChecker - Bean 'roleRightMapper' of type [org.mybatis.spring.mapper.MapperFactoryBean] is not eligible for getting processed by all BeanPostProcessors (for example: not eligible for auto-proxying)
2020-03-17 00:31:44 [INFO ] [restartedMain] o.s.c.s.PostProcessorRegistrationDelegate$BeanPostProcessorChecker - Bean 'roleRightMapper' of type [com.sun.proxy.$Proxy75] is not eligible for getting processed by all BeanPostProcessors (for example: not eligible for auto-proxying)
2020-03-17 00:31:44 [INFO ] [restartedMain] o.s.c.s.PostProcessorRegistrationDelegate$BeanPostProcessorChecker - Bean 'userRightMapper' of type [org.mybatis.spring.mapper.MapperFactoryBean] is not eligible for getting processed by all BeanPostProcessors (for example: not eligible for auto-proxying)
2020-03-17 00:31:44 [INFO ] [restartedMain] o.s.c.s.PostProcessorRegistrationDelegate$BeanPostProcessorChecker - Bean 'userRightMapper' of type [com.sun.proxy.$Proxy76] is not eligible for getting processed by all BeanPostProcessors (for example: not eligible for auto-proxying)
2020-03-17 00:31:44 [INFO ] [restartedMain] o.s.c.s.PostProcessorRegistrationDelegate$BeanPostProcessorChecker - Bean 'roleMapper' of type [org.mybatis.spring.mapper.MapperFactoryBean] is not eligible for getting processed by all BeanPostProcessors (for example: not eligible for auto-proxying)
2020-03-17 00:31:44 [INFO ] [restartedMain] o.s.c.s.PostProcessorRegistrationDelegate$BeanPostProcessorChecker - Bean 'roleMapper' of type [com.sun.proxy.$Proxy77] is not eligible for getting processed by all BeanPostProcessors (for example: not eligible for auto-proxying)
2020-03-17 00:31:44 [INFO ] [restartedMain] o.s.c.s.PostProcessorRegistrationDelegate$BeanPostProcessorChecker - Bean 'rightService' of type [com.thunisoft.artery.organ.right.RightService] is not eligible for getting processed by all BeanPostProcessors (for example: not eligible for auto-proxying)
2020-03-17 00:31:44 [INFO ] [restartedMain] o.s.c.s.PostProcessorRegistrationDelegate$BeanPostProcessorChecker - Bean 'roleService' of type [com.thunisoft.artery.organ.role.RoleService] is not eligible for getting processed by all BeanPostProcessors (for example: not eligible for auto-proxying)
2020-03-17 00:31:44 [INFO ] [restartedMain] o.s.c.s.PostProcessorRegistrationDelegate$BeanPostProcessorChecker - Bean 'com.thunisoft.artery.login.starter.config.ArteryLoginConfigAutoConfigure' of type [com.thunisoft.artery.login.starter.config.ArteryLoginConfigAutoConfigure$$EnhancerBySpringCGLIB$$ba7310ec] is not eligible for getting processed by all BeanPostProcessors (for example: not eligible for auto-proxying)
2020-03-17 00:31:44 [INFO ] [restartedMain] o.s.c.s.PostProcessorRegistrationDelegate$BeanPostProcessorChecker - Bean 'arteryLoginConfig' of type [com.thunisoft.artery.login.model.DefaultArteryLoginConfig] is not eligible for getting processed by all BeanPostProcessors (for example: not eligible for auto-proxying)
2020-03-17 00:31:44 [INFO ] [restartedMain] o.s.c.s.PostProcessorRegistrationDelegate$BeanPostProcessorChecker - Bean 'arteryRealm' of type [com.thunisoft.artery.login.shiro.realm.ArteryRealm] is not eligible for getting processed by all BeanPostProcessors (for example: not eligible for auto-proxying)
2020-03-17 00:31:44 [INFO ] [restartedMain] o.s.c.s.PostProcessorRegistrationDelegate$BeanPostProcessorChecker - Bean 'shiroCacheManager' of type [com.thunisoft.artery.login.starter.cache.MemoryCacheManager] is not eligible for getting processed by all BeanPostProcessors (for example: not eligible for auto-proxying)
2020-03-17 00:31:45 [INFO ] [restartedMain] o.s.c.s.PostProcessorRegistrationDelegate$BeanPostProcessorChecker - Bean 'securityManager' of type [org.apache.shiro.web.mgt.DefaultWebSecurityManager] is not eligible for getting processed by all BeanPostProcessors (for example: not eligible for auto-proxying)
2020-03-17 00:31:45 [INFO ] [restartedMain] o.s.c.s.PostProcessorRegistrationDelegate$BeanPostProcessorChecker - Bean 'authorizationAttributeSourceAdvisor' of type [org.apache.shiro.spring.security.interceptor.AuthorizationAttributeSourceAdvisor] is not eligible for getting processed by all BeanPostProcessors (for example: not eligible for auto-proxying)
2020-03-17 00:31:45 [INFO ] [restartedMain] o.s.c.s.PostProcessorRegistrationDelegate$BeanPostProcessorChecker - Bean 'org.springframework.transaction.annotation.ProxyTransactionManagementConfiguration' of type [org.springframework.transaction.annotation.ProxyTransactionManagementConfiguration$$EnhancerBySpringCGLIB$$662fedba] is not eligible for getting processed by all BeanPostProcessors (for example: not eligible for auto-proxying)
2020-03-17 00:31:46 [INFO ] [restartedMain] o.s.b.w.e.j.TasServletWebServerFactory - Server initialized with port: 8080
2020-03-17 00:31:46 [WARN ] [restartedMain] c.t.t.s.AbstractConnector - Ignoring deprecated socket close linger time
2020-03-17 00:31:46 [INFO ] [restartedMain] c.t.t.server.Server - tas-9.4.z-SNAPSHOT; built: 2019-06-10T16:30:51.723Z; git: afcf563148970e98786327af5e07c261fda175d3; jvm 11.0.5+10-b520.38
2020-03-17 00:31:46 [INFO ] [restartedMain] c.t.t.s.h.C.application - Initializing Spring embedded WebApplicationContext
2020-03-17 00:31:46 [INFO ] [restartedMain] o.s.w.c.ContextLoader - Root WebApplicationContext: initialization completed in 5193 ms
2020-03-17 00:31:46 [INFO ] [restartedMain] c.t.t.server.session - DefaultSessionIdManager workerName=node0
2020-03-17 00:31:46 [INFO ] [restartedMain] c.t.t.server.session - No SessionScavenger set, using defaults
2020-03-17 00:31:46 [INFO ] [restartedMain] c.t.t.server.session - node0 Scavenging every 660000ms
2020-03-17 00:31:46 [INFO ] [restartedMain] c.t.t.s.h.ContextHandler - Started c.t.t.s.a.s.TasEmbeddedWebAppContext@b746b56{application,/,[file:///C:/Users/Administrator/AppData/Local/Temp/jetty-docbase.4848494604898226838.8080/, jar:file:/E:/MavenRepository/com/thunisoft/artery/artery-component/6.1.1/artery-component-6.1.1.jar!/META-INF/resources],AVAILABLE}
2020-03-17 00:31:46 [INFO ] [restartedMain] c.t.t.server.Server - Started @8239ms
2020-03-17 00:31:47 [INFO ] [restartedMain] o.s.s.c.ThreadPoolTaskExecutor - Initializing ExecutorService 'applicationTaskExecutor'
2020-03-17 00:31:48 [INFO ] [restartedMain] o.s.b.d.a.OptionalLiveReloadServer - LiveReload server is running on port 35729
2020-03-17 00:31:48 [INFO ] [restartedMain] c.t.t.s.h.C.application - Initializing Spring DispatcherServlet 'dispatcherServlet'
2020-03-17 00:31:48 [INFO ] [restartedMain] o.s.w.s.DispatcherServlet - Initializing Servlet 'dispatcherServlet'
2020-03-17 00:31:48 [INFO ] [restartedMain] o.s.w.s.DispatcherServlet - Completed initialization in 13 ms
2020-03-17 00:31:48 [INFO ] [restartedMain] c.t.t.s.AbstractConnector - Started ServerConnector@16fbc60{HTTP/1.1,[http/1.1]}{0.0.0.0:8080}
2020-03-17 00:31:48 [INFO ] [restartedMain] c.t.t.s.a.s.TasWebServer - Tas 启动成功，端口号： 8080 (http/1.1), contextPath: '/'
2020-03-17 00:31:48 [INFO ] [restartedMain] c.w.l.LddwApplication - Started LddwApplication in 8.112 seconds (JVM running for 10.232)
2020-03-17 01:01:25 [INFO ] [Thread-18] o.s.s.c.ThreadPoolTaskExecutor - Shutting down ExecutorService 'applicationTaskExecutor'
2020-03-17 01:01:25 [INFO ] [Thread-18] c.a.d.p.DruidDataSource - {dataSource-1} closing ...
2020-03-17 01:01:25 [INFO ] [Thread-18] c.a.d.p.DruidDataSource - {dataSource-1} closed
2020-03-17 01:01:25 [INFO ] [Thread-18] c.t.t.s.AbstractConnector - Stopped ServerConnector@16fbc60{HTTP/1.1,[http/1.1]}{0.0.0.0:8080}
2020-03-17 01:01:25 [INFO ] [Thread-18] c.t.t.server.session - node0 Stopped scavenging
2020-03-17 01:01:25 [INFO ] [Thread-18] c.t.t.s.h.C.application - Destroying Spring FrameworkServlet 'dispatcherServlet'
2020-03-17 01:01:25 [INFO ] [Thread-18] c.t.t.s.h.ContextHandler - Stopped c.t.t.s.a.s.TasEmbeddedWebAppContext@b746b56{application,/,[file:///C:/Users/Administrator/AppData/Local/Temp/jetty-docbase.4848494604898226838.8080/, jar:file:/E:/MavenRepository/com/thunisoft/artery/artery-component/6.1.1/artery-component-6.1.1.jar!/META-INF/resources],UNAVAILABLE}
2020-03-17 01:01:32 [INFO ] [restartedMain] c.w.l.LddwApplication - Starting LddwApplication on E5FZ8HE5VFD1EVO with PID 17000 (F:\project\lddw\target\classes started by Administrator in F:\project\lddw)
2020-03-17 01:01:32 [INFO ] [restartedMain] c.w.l.LddwApplication - The following profiles are active: dev
2020-03-17 01:01:32 [INFO ] [restartedMain] o.s.b.d.e.DevToolsPropertyDefaultsPostProcessor - Devtools property defaults active! Set 'spring.devtools.add-properties' to 'false' to disable
2020-03-17 01:01:32 [INFO ] [restartedMain] o.s.b.d.e.DevToolsPropertyDefaultsPostProcessor - For additional web related logging consider setting the 'logging.level.web' property to 'DEBUG'
2020-03-17 01:01:33 [WARN ] [restartedMain] o.m.s.m.ClassPathMapperScanner - No MyBatis mapper was found in '[com.thunisoft.demo.mapper]' package. Please check your configuration.
2020-03-17 01:01:34 [INFO ] [restartedMain] c.t.a.s.p.e.p.ArteryEncryptPropertiesPostProcessor - 开始处理PropertySource
2020-03-17 01:01:34 [INFO ] [restartedMain] o.s.c.s.PostProcessorRegistrationDelegate$BeanPostProcessorChecker - Bean 'com.thunisoft.artery.login.starter.config.ArteryLoginAutoConfigure' of type [com.thunisoft.artery.login.starter.config.ArteryLoginAutoConfigure$$EnhancerBySpringCGLIB$$328e05ae] is not eligible for getting processed by all BeanPostProcessors (for example: not eligible for auto-proxying)
2020-03-17 01:01:34 [INFO ] [restartedMain] o.s.c.s.PostProcessorRegistrationDelegate$BeanPostProcessorChecker - Bean 'credentialsMatcher' of type [org.apache.shiro.authc.credential.HashedCredentialsMatcher] is not eligible for getting processed by all BeanPostProcessors (for example: not eligible for auto-proxying)
2020-03-17 01:01:34 [INFO ] [restartedMain] o.s.c.s.PostProcessorRegistrationDelegate$BeanPostProcessorChecker - Bean 'com.thunisoft.artery.organ.starter.config.ArteryOrganAutoConfigure' of type [com.thunisoft.artery.organ.starter.config.ArteryOrganAutoConfigure$$EnhancerBySpringCGLIB$$dc97eeae] is not eligible for getting processed by all BeanPostProcessors (for example: not eligible for auto-proxying)
2020-03-17 01:01:34 [INFO ] [restartedMain] o.s.c.s.PostProcessorRegistrationDelegate$BeanPostProcessorChecker - Bean 'mybatis-org.mybatis.spring.boot.autoconfigure.MybatisProperties' of type [org.mybatis.spring.boot.autoconfigure.MybatisProperties] is not eligible for getting processed by all BeanPostProcessors (for example: not eligible for auto-proxying)
2020-03-17 01:01:34 [INFO ] [restartedMain] o.s.c.s.PostProcessorRegistrationDelegate$BeanPostProcessorChecker - Bean 'mybatisAutoConfigure' of type [com.thunisoft.artery.data.MybatisAutoConfigure$$EnhancerBySpringCGLIB$$71be4517] is not eligible for getting processed by all BeanPostProcessors (for example: not eligible for auto-proxying)
2020-03-17 01:01:34 [INFO ] [restartedMain] o.s.c.s.PostProcessorRegistrationDelegate$BeanPostProcessorChecker - Bean 'arteryInterceptor' of type [com.thunisoft.artery.data.mybatis.ArteryInterceptor] is not eligible for getting processed by all BeanPostProcessors (for example: not eligible for auto-proxying)
2020-03-17 01:01:34 [INFO ] [restartedMain] o.s.c.s.PostProcessorRegistrationDelegate$BeanPostProcessorChecker - Bean 'com.thunisoft.artery.starter.config.DictSpringConfiguration' of type [com.thunisoft.artery.starter.config.DictSpringConfiguration$$EnhancerBySpringCGLIB$$866e6535] is not eligible for getting processed by all BeanPostProcessors (for example: not eligible for auto-proxying)
2020-03-17 01:01:35 [INFO ] [restartedMain] c.t.a.d.c.i.DictCache - 【开始加载数据字典缓存...】
2020-03-17 01:01:35 [INFO ] [restartedMain] c.t.a.d.c.i.DictCache - 数据字典表个数：10
2020-03-17 01:01:35 [INFO ] [restartedMain] c.t.a.d.c.i.DictCache - 〖加载数据字典缓存结束〗
2020-03-17 01:01:35 [INFO ] [restartedMain] o.s.c.s.PostProcessorRegistrationDelegate$BeanPostProcessorChecker - Bean 'dictCache' of type [com.thunisoft.artery.datadict.cache.impl.DictCache] is not eligible for getting processed by all BeanPostProcessors (for example: not eligible for auto-proxying)
2020-03-17 01:01:35 [INFO ] [restartedMain] o.s.c.s.PostProcessorRegistrationDelegate$BeanPostProcessorChecker - Bean 'dictService' of type [com.thunisoft.artery.datadict.service.impl.DictServiceImpl] is not eligible for getting processed by all BeanPostProcessors (for example: not eligible for auto-proxying)
2020-03-17 01:01:35 [INFO ] [restartedMain] o.s.c.s.PostProcessorRegistrationDelegate$BeanPostProcessorChecker - Bean 'dictGroupTagInterceptor' of type [com.thunisoft.artery.datadict.mybatis.interceptor.DictGroupTagInterceptor] is not eligible for getting processed by all BeanPostProcessors (for example: not eligible for auto-proxying)
2020-03-17 01:01:35 [INFO ] [restartedMain] o.s.c.s.PostProcessorRegistrationDelegate$BeanPostProcessorChecker - Bean 'org.mybatis.spring.boot.autoconfigure.MybatisAutoConfiguration' of type [org.mybatis.spring.boot.autoconfigure.MybatisAutoConfiguration$$EnhancerBySpringCGLIB$$8d19ef4a] is not eligible for getting processed by all BeanPostProcessors (for example: not eligible for auto-proxying)
2020-03-17 01:01:35 [INFO ] [restartedMain] o.s.c.s.PostProcessorRegistrationDelegate$BeanPostProcessorChecker - Bean 'com.alibaba.druid.spring.boot.autoconfigure.DruidDataSourceAutoConfigure' of type [com.alibaba.druid.spring.boot.autoconfigure.DruidDataSourceAutoConfigure$$EnhancerBySpringCGLIB$$73f1938c] is not eligible for getting processed by all BeanPostProcessors (for example: not eligible for auto-proxying)
2020-03-17 01:01:35 [INFO ] [restartedMain] c.a.d.s.b.a.DruidDataSourceAutoConfigure - Init DruidDataSource
2020-03-17 01:01:35 [INFO ] [restartedMain] o.s.c.s.PostProcessorRegistrationDelegate$BeanPostProcessorChecker - Bean 'spring.datasource-org.springframework.boot.autoconfigure.jdbc.DataSourceProperties' of type [org.springframework.boot.autoconfigure.jdbc.DataSourceProperties] is not eligible for getting processed by all BeanPostProcessors (for example: not eligible for auto-proxying)
2020-03-17 01:01:35 [INFO ] [restartedMain] c.a.d.p.DruidDataSource - {dataSource-1} inited
2020-03-17 01:01:35 [INFO ] [restartedMain] o.s.c.s.PostProcessorRegistrationDelegate$BeanPostProcessorChecker - Bean 'dataSource' of type [com.alibaba.druid.spring.boot.autoconfigure.DruidDataSourceWrapper] is not eligible for getting processed by all BeanPostProcessors (for example: not eligible for auto-proxying)
2020-03-17 01:01:35 [INFO ] [restartedMain] o.s.c.s.PostProcessorRegistrationDelegate$BeanPostProcessorChecker - Bean 'sqlSessionFactory' of type [org.apache.ibatis.session.defaults.DefaultSqlSessionFactory] is not eligible for getting processed by all BeanPostProcessors (for example: not eligible for auto-proxying)
2020-03-17 01:01:35 [INFO ] [restartedMain] o.s.c.s.PostProcessorRegistrationDelegate$BeanPostProcessorChecker - Bean 'sqlSessionTemplate' of type [org.mybatis.spring.SqlSessionTemplate] is not eligible for getting processed by all BeanPostProcessors (for example: not eligible for auto-proxying)
2020-03-17 01:01:35 [INFO ] [restartedMain] o.s.c.s.PostProcessorRegistrationDelegate$BeanPostProcessorChecker - Bean 'corpMapper' of type [org.mybatis.spring.mapper.MapperFactoryBean] is not eligible for getting processed by all BeanPostProcessors (for example: not eligible for auto-proxying)
2020-03-17 01:01:35 [INFO ] [restartedMain] o.s.c.s.PostProcessorRegistrationDelegate$BeanPostProcessorChecker - Bean 'corpMapper' of type [com.sun.proxy.$Proxy68] is not eligible for getting processed by all BeanPostProcessors (for example: not eligible for auto-proxying)
2020-03-17 01:01:35 [INFO ] [restartedMain] o.s.c.s.PostProcessorRegistrationDelegate$BeanPostProcessorChecker - Bean 'deptMapper' of type [org.mybatis.spring.mapper.MapperFactoryBean] is not eligible for getting processed by all BeanPostProcessors (for example: not eligible for auto-proxying)
2020-03-17 01:01:35 [INFO ] [restartedMain] o.s.c.s.PostProcessorRegistrationDelegate$BeanPostProcessorChecker - Bean 'deptMapper' of type [com.sun.proxy.$Proxy69] is not eligible for getting processed by all BeanPostProcessors (for example: not eligible for auto-proxying)
2020-03-17 01:01:35 [INFO ] [restartedMain] o.s.c.s.PostProcessorRegistrationDelegate$BeanPostProcessorChecker - Bean 'userMapper' of type [org.mybatis.spring.mapper.MapperFactoryBean] is not eligible for getting processed by all BeanPostProcessors (for example: not eligible for auto-proxying)
2020-03-17 01:01:35 [INFO ] [restartedMain] o.s.c.s.PostProcessorRegistrationDelegate$BeanPostProcessorChecker - Bean 'userMapper' of type [com.sun.proxy.$Proxy70] is not eligible for getting processed by all BeanPostProcessors (for example: not eligible for auto-proxying)
2020-03-17 01:01:35 [INFO ] [restartedMain] o.s.c.s.PostProcessorRegistrationDelegate$BeanPostProcessorChecker - Bean 'com.thunisoft.artery.starter.config.ArteryStarterAutoConfigure' of type [com.thunisoft.artery.starter.config.ArteryStarterAutoConfigure$$EnhancerBySpringCGLIB$$6a117b2d] is not eligible for getting processed by all BeanPostProcessors (for example: not eligible for auto-proxying)
2020-03-17 01:01:35 [INFO ] [restartedMain] o.s.c.s.PostProcessorRegistrationDelegate$BeanPostProcessorChecker - Bean 'spring.cache-org.springframework.boot.autoconfigure.cache.CacheProperties' of type [org.springframework.boot.autoconfigure.cache.CacheProperties] is not eligible for getting processed by all BeanPostProcessors (for example: not eligible for auto-proxying)
2020-03-17 01:01:35 [INFO ] [restartedMain] o.s.c.s.PostProcessorRegistrationDelegate$BeanPostProcessorChecker - Bean 'org.springframework.boot.autoconfigure.cache.CacheAutoConfiguration' of type [org.springframework.boot.autoconfigure.cache.CacheAutoConfiguration$$EnhancerBySpringCGLIB$$97cb98dc] is not eligible for getting processed by all BeanPostProcessors (for example: not eligible for auto-proxying)
2020-03-17 01:01:35 [INFO ] [restartedMain] o.s.c.s.PostProcessorRegistrationDelegate$BeanPostProcessorChecker - Bean 'cacheManagerCustomizers' of type [org.springframework.boot.autoconfigure.cache.CacheManagerCustomizers] is not eligible for getting processed by all BeanPostProcessors (for example: not eligible for auto-proxying)
2020-03-17 01:01:35 [INFO ] [restartedMain] o.s.c.s.PostProcessorRegistrationDelegate$BeanPostProcessorChecker - Bean 'org.springframework.boot.autoconfigure.cache.SimpleCacheConfiguration' of type [org.springframework.boot.autoconfigure.cache.SimpleCacheConfiguration$$EnhancerBySpringCGLIB$$39670bbd] is not eligible for getting processed by all BeanPostProcessors (for example: not eligible for auto-proxying)
2020-03-17 01:01:35 [INFO ] [restartedMain] o.s.c.s.PostProcessorRegistrationDelegate$BeanPostProcessorChecker - Bean 'cacheManager' of type [org.springframework.cache.concurrent.ConcurrentMapCacheManager] is not eligible for getting processed by all BeanPostProcessors (for example: not eligible for auto-proxying)
2020-03-17 01:01:35 [INFO ] [restartedMain] o.s.c.s.PostProcessorRegistrationDelegate$BeanPostProcessorChecker - Bean 'arteryCacheManager' of type [com.thunisoft.artery.spring.cache.ArteryCacheManager] is not eligible for getting processed by all BeanPostProcessors (for example: not eligible for auto-proxying)
2020-03-17 01:01:35 [INFO ] [restartedMain] o.s.c.s.PostProcessorRegistrationDelegate$BeanPostProcessorChecker - Bean 'organCache' of type [com.thunisoft.artery.organ.organ.cache.ArteryOrganCache] is not eligible for getting processed by all BeanPostProcessors (for example: not eligible for auto-proxying)
2020-03-17 01:01:35 [INFO ] [restartedMain] o.s.c.s.PostProcessorRegistrationDelegate$BeanPostProcessorChecker - Bean 'organService' of type [com.thunisoft.artery.organ.organ.OrganService] is not eligible for getting processed by all BeanPostProcessors (for example: not eligible for auto-proxying)
2020-03-17 01:01:35 [INFO ] [restartedMain] o.s.c.s.PostProcessorRegistrationDelegate$BeanPostProcessorChecker - Bean 'rightMapper' of type [org.mybatis.spring.mapper.MapperFactoryBean] is not eligible for getting processed by all BeanPostProcessors (for example: not eligible for auto-proxying)
2020-03-17 01:01:35 [INFO ] [restartedMain] o.s.c.s.PostProcessorRegistrationDelegate$BeanPostProcessorChecker - Bean 'rightMapper' of type [com.sun.proxy.$Proxy72] is not eligible for getting processed by all BeanPostProcessors (for example: not eligible for auto-proxying)
2020-03-17 01:01:35 [INFO ] [restartedMain] o.s.c.s.PostProcessorRegistrationDelegate$BeanPostProcessorChecker - Bean 'roleRightMapper' of type [org.mybatis.spring.mapper.MapperFactoryBean] is not eligible for getting processed by all BeanPostProcessors (for example: not eligible for auto-proxying)
2020-03-17 01:01:35 [INFO ] [restartedMain] o.s.c.s.PostProcessorRegistrationDelegate$BeanPostProcessorChecker - Bean 'roleRightMapper' of type [com.sun.proxy.$Proxy75] is not eligible for getting processed by all BeanPostProcessors (for example: not eligible for auto-proxying)
2020-03-17 01:01:35 [INFO ] [restartedMain] o.s.c.s.PostProcessorRegistrationDelegate$BeanPostProcessorChecker - Bean 'userRightMapper' of type [org.mybatis.spring.mapper.MapperFactoryBean] is not eligible for getting processed by all BeanPostProcessors (for example: not eligible for auto-proxying)
2020-03-17 01:01:35 [INFO ] [restartedMain] o.s.c.s.PostProcessorRegistrationDelegate$BeanPostProcessorChecker - Bean 'userRightMapper' of type [com.sun.proxy.$Proxy76] is not eligible for getting processed by all BeanPostProcessors (for example: not eligible for auto-proxying)
2020-03-17 01:01:35 [INFO ] [restartedMain] o.s.c.s.PostProcessorRegistrationDelegate$BeanPostProcessorChecker - Bean 'roleMapper' of type [org.mybatis.spring.mapper.MapperFactoryBean] is not eligible for getting processed by all BeanPostProcessors (for example: not eligible for auto-proxying)
2020-03-17 01:01:35 [INFO ] [restartedMain] o.s.c.s.PostProcessorRegistrationDelegate$BeanPostProcessorChecker - Bean 'roleMapper' of type [com.sun.proxy.$Proxy77] is not eligible for getting processed by all BeanPostProcessors (for example: not eligible for auto-proxying)
2020-03-17 01:01:35 [INFO ] [restartedMain] o.s.c.s.PostProcessorRegistrationDelegate$BeanPostProcessorChecker - Bean 'rightService' of type [com.thunisoft.artery.organ.right.RightService] is not eligible for getting processed by all BeanPostProcessors (for example: not eligible for auto-proxying)
2020-03-17 01:01:35 [INFO ] [restartedMain] o.s.c.s.PostProcessorRegistrationDelegate$BeanPostProcessorChecker - Bean 'roleService' of type [com.thunisoft.artery.organ.role.RoleService] is not eligible for getting processed by all BeanPostProcessors (for example: not eligible for auto-proxying)
2020-03-17 01:01:35 [INFO ] [restartedMain] o.s.c.s.PostProcessorRegistrationDelegate$BeanPostProcessorChecker - Bean 'com.thunisoft.artery.login.starter.config.ArteryLoginConfigAutoConfigure' of type [com.thunisoft.artery.login.starter.config.ArteryLoginConfigAutoConfigure$$EnhancerBySpringCGLIB$$ae88c14c] is not eligible for getting processed by all BeanPostProcessors (for example: not eligible for auto-proxying)
2020-03-17 01:01:35 [INFO ] [restartedMain] o.s.c.s.PostProcessorRegistrationDelegate$BeanPostProcessorChecker - Bean 'arteryLoginConfig' of type [com.thunisoft.artery.login.model.DefaultArteryLoginConfig] is not eligible for getting processed by all BeanPostProcessors (for example: not eligible for auto-proxying)
2020-03-17 01:01:35 [INFO ] [restartedMain] o.s.c.s.PostProcessorRegistrationDelegate$BeanPostProcessorChecker - Bean 'arteryRealm' of type [com.thunisoft.artery.login.shiro.realm.ArteryRealm] is not eligible for getting processed by all BeanPostProcessors (for example: not eligible for auto-proxying)
2020-03-17 01:01:35 [INFO ] [restartedMain] o.s.c.s.PostProcessorRegistrationDelegate$BeanPostProcessorChecker - Bean 'shiroCacheManager' of type [com.thunisoft.artery.login.starter.cache.MemoryCacheManager] is not eligible for getting processed by all BeanPostProcessors (for example: not eligible for auto-proxying)
2020-03-17 01:01:36 [INFO ] [restartedMain] o.s.c.s.PostProcessorRegistrationDelegate$BeanPostProcessorChecker - Bean 'securityManager' of type [org.apache.shiro.web.mgt.DefaultWebSecurityManager] is not eligible for getting processed by all BeanPostProcessors (for example: not eligible for auto-proxying)
2020-03-17 01:01:36 [INFO ] [restartedMain] o.s.c.s.PostProcessorRegistrationDelegate$BeanPostProcessorChecker - Bean 'authorizationAttributeSourceAdvisor' of type [org.apache.shiro.spring.security.interceptor.AuthorizationAttributeSourceAdvisor] is not eligible for getting processed by all BeanPostProcessors (for example: not eligible for auto-proxying)
2020-03-17 01:01:36 [INFO ] [restartedMain] o.s.c.s.PostProcessorRegistrationDelegate$BeanPostProcessorChecker - Bean 'org.springframework.transaction.annotation.ProxyTransactionManagementConfiguration' of type [org.springframework.transaction.annotation.ProxyTransactionManagementConfiguration$$EnhancerBySpringCGLIB$$5a459e1a] is not eligible for getting processed by all BeanPostProcessors (for example: not eligible for auto-proxying)
2020-03-17 01:01:37 [INFO ] [restartedMain] o.s.b.w.e.j.TasServletWebServerFactory - Server initialized with port: 8080
2020-03-17 01:01:37 [WARN ] [restartedMain] c.t.t.s.AbstractConnector - Ignoring deprecated socket close linger time
2020-03-17 01:01:37 [INFO ] [restartedMain] c.t.t.server.Server - tas-9.4.z-SNAPSHOT; built: 2019-06-10T16:30:51.723Z; git: afcf563148970e98786327af5e07c261fda175d3; jvm 11.0.5+10-b520.38
2020-03-17 01:01:37 [INFO ] [restartedMain] c.t.t.s.h.C.application - Initializing Spring embedded WebApplicationContext
2020-03-17 01:01:37 [INFO ] [restartedMain] o.s.w.c.ContextLoader - Root WebApplicationContext: initialization completed in 5094 ms
2020-03-17 01:01:37 [INFO ] [restartedMain] c.t.t.server.session - DefaultSessionIdManager workerName=node0
2020-03-17 01:01:37 [INFO ] [restartedMain] c.t.t.server.session - No SessionScavenger set, using defaults
2020-03-17 01:01:37 [INFO ] [restartedMain] c.t.t.server.session - node0 Scavenging every 600000ms
2020-03-17 01:01:37 [INFO ] [restartedMain] c.t.t.s.h.ContextHandler - Started c.t.t.s.a.s.TasEmbeddedWebAppContext@231c0eb8{application,/,[file:///C:/Users/Administrator/AppData/Local/Temp/jetty-docbase.9609958485242752167.8080/, jar:file:/E:/MavenRepository/com/thunisoft/artery/artery-component/6.1.1/artery-component-6.1.1.jar!/META-INF/resources],AVAILABLE}
2020-03-17 01:01:37 [INFO ] [restartedMain] c.t.t.server.Server - Started @8185ms
2020-03-17 01:01:38 [INFO ] [restartedMain] o.s.s.c.ThreadPoolTaskExecutor - Initializing ExecutorService 'applicationTaskExecutor'
2020-03-17 01:01:39 [INFO ] [restartedMain] o.s.b.d.a.OptionalLiveReloadServer - LiveReload server is running on port 35729
2020-03-17 01:01:39 [INFO ] [restartedMain] c.t.t.s.h.C.application - Initializing Spring DispatcherServlet 'dispatcherServlet'
2020-03-17 01:01:39 [INFO ] [restartedMain] o.s.w.s.DispatcherServlet - Initializing Servlet 'dispatcherServlet'
2020-03-17 01:01:39 [INFO ] [restartedMain] o.s.w.s.DispatcherServlet - Completed initialization in 18 ms
2020-03-17 01:01:39 [INFO ] [restartedMain] c.t.t.s.AbstractConnector - Started ServerConnector@54d1abed{HTTP/1.1,[http/1.1]}{0.0.0.0:8080}
2020-03-17 01:01:39 [INFO ] [restartedMain] c.t.t.s.a.s.TasWebServer - Tas 启动成功，端口号： 8080 (http/1.1), contextPath: '/'
2020-03-17 01:01:39 [INFO ] [restartedMain] c.w.l.LddwApplication - Started LddwApplication in 8.153 seconds (JVM running for 10.233)
2020-03-17 01:03:25 [INFO ] [Thread-18] o.s.s.c.ThreadPoolTaskExecutor - Shutting down ExecutorService 'applicationTaskExecutor'
2020-03-17 01:03:25 [INFO ] [Thread-18] c.a.d.p.DruidDataSource - {dataSource-1} closing ...
2020-03-17 01:03:25 [INFO ] [Thread-18] c.a.d.p.DruidDataSource - {dataSource-1} closed
2020-03-17 01:03:25 [INFO ] [Thread-18] c.t.t.s.AbstractConnector - Stopped ServerConnector@54d1abed{HTTP/1.1,[http/1.1]}{0.0.0.0:8080}
2020-03-17 01:03:25 [INFO ] [Thread-18] c.t.t.server.session - node0 Stopped scavenging
2020-03-17 01:03:25 [INFO ] [Thread-18] c.t.t.s.h.C.application - Destroying Spring FrameworkServlet 'dispatcherServlet'
2020-03-17 01:03:25 [INFO ] [Thread-18] c.t.t.s.h.ContextHandler - Stopped c.t.t.s.a.s.TasEmbeddedWebAppContext@231c0eb8{application,/,[file:///C:/Users/Administrator/AppData/Local/Temp/jetty-docbase.9609958485242752167.8080/, jar:file:/E:/MavenRepository/com/thunisoft/artery/artery-component/6.1.1/artery-component-6.1.1.jar!/META-INF/resources],UNAVAILABLE}
2020-03-17 01:03:32 [INFO ] [restartedMain] c.w.l.LddwApplication - Starting LddwApplication on E5FZ8HE5VFD1EVO with PID 2492 (F:\project\lddw\target\classes started by Administrator in F:\project\lddw)
2020-03-17 01:03:32 [INFO ] [restartedMain] c.w.l.LddwApplication - The following profiles are active: dev
2020-03-17 01:03:32 [INFO ] [restartedMain] o.s.b.d.e.DevToolsPropertyDefaultsPostProcessor - Devtools property defaults active! Set 'spring.devtools.add-properties' to 'false' to disable
2020-03-17 01:03:32 [INFO ] [restartedMain] o.s.b.d.e.DevToolsPropertyDefaultsPostProcessor - For additional web related logging consider setting the 'logging.level.web' property to 'DEBUG'
2020-03-17 01:03:33 [WARN ] [restartedMain] o.m.s.m.ClassPathMapperScanner - No MyBatis mapper was found in '[com.thunisoft.demo.mapper]' package. Please check your configuration.
2020-03-17 01:03:34 [INFO ] [restartedMain] c.t.a.s.p.e.p.ArteryEncryptPropertiesPostProcessor - 开始处理PropertySource
2020-03-17 01:03:34 [INFO ] [restartedMain] o.s.c.s.PostProcessorRegistrationDelegate$BeanPostProcessorChecker - Bean 'com.thunisoft.artery.login.starter.config.ArteryLoginAutoConfigure' of type [com.thunisoft.artery.login.starter.config.ArteryLoginAutoConfigure$$EnhancerBySpringCGLIB$$b4af49df] is not eligible for getting processed by all BeanPostProcessors (for example: not eligible for auto-proxying)
2020-03-17 01:03:34 [INFO ] [restartedMain] o.s.c.s.PostProcessorRegistrationDelegate$BeanPostProcessorChecker - Bean 'credentialsMatcher' of type [org.apache.shiro.authc.credential.HashedCredentialsMatcher] is not eligible for getting processed by all BeanPostProcessors (for example: not eligible for auto-proxying)
2020-03-17 01:03:34 [INFO ] [restartedMain] o.s.c.s.PostProcessorRegistrationDelegate$BeanPostProcessorChecker - Bean 'com.thunisoft.artery.organ.starter.config.ArteryOrganAutoConfigure' of type [com.thunisoft.artery.organ.starter.config.ArteryOrganAutoConfigure$$EnhancerBySpringCGLIB$$5eb932df] is not eligible for getting processed by all BeanPostProcessors (for example: not eligible for auto-proxying)
2020-03-17 01:03:35 [INFO ] [restartedMain] o.s.c.s.PostProcessorRegistrationDelegate$BeanPostProcessorChecker - Bean 'mybatis-org.mybatis.spring.boot.autoconfigure.MybatisProperties' of type [org.mybatis.spring.boot.autoconfigure.MybatisProperties] is not eligible for getting processed by all BeanPostProcessors (for example: not eligible for auto-proxying)
2020-03-17 01:03:35 [INFO ] [restartedMain] o.s.c.s.PostProcessorRegistrationDelegate$BeanPostProcessorChecker - Bean 'mybatisAutoConfigure' of type [com.thunisoft.artery.data.MybatisAutoConfigure$$EnhancerBySpringCGLIB$$f3df8948] is not eligible for getting processed by all BeanPostProcessors (for example: not eligible for auto-proxying)
2020-03-17 01:03:35 [INFO ] [restartedMain] o.s.c.s.PostProcessorRegistrationDelegate$BeanPostProcessorChecker - Bean 'arteryInterceptor' of type [com.thunisoft.artery.data.mybatis.ArteryInterceptor] is not eligible for getting processed by all BeanPostProcessors (for example: not eligible for auto-proxying)
2020-03-17 01:03:35 [INFO ] [restartedMain] o.s.c.s.PostProcessorRegistrationDelegate$BeanPostProcessorChecker - Bean 'com.thunisoft.artery.starter.config.DictSpringConfiguration' of type [com.thunisoft.artery.starter.config.DictSpringConfiguration$$EnhancerBySpringCGLIB$$88fa966] is not eligible for getting processed by all BeanPostProcessors (for example: not eligible for auto-proxying)
2020-03-17 01:03:35 [INFO ] [restartedMain] c.t.a.d.c.i.DictCache - 【开始加载数据字典缓存...】
2020-03-17 01:03:35 [INFO ] [restartedMain] c.t.a.d.c.i.DictCache - 数据字典表个数：10
2020-03-17 01:03:35 [INFO ] [restartedMain] c.t.a.d.c.i.DictCache - 〖加载数据字典缓存结束〗
2020-03-17 01:03:35 [INFO ] [restartedMain] o.s.c.s.PostProcessorRegistrationDelegate$BeanPostProcessorChecker - Bean 'dictCache' of type [com.thunisoft.artery.datadict.cache.impl.DictCache] is not eligible for getting processed by all BeanPostProcessors (for example: not eligible for auto-proxying)
2020-03-17 01:03:35 [INFO ] [restartedMain] o.s.c.s.PostProcessorRegistrationDelegate$BeanPostProcessorChecker - Bean 'dictService' of type [com.thunisoft.artery.datadict.service.impl.DictServiceImpl] is not eligible for getting processed by all BeanPostProcessors (for example: not eligible for auto-proxying)
2020-03-17 01:03:35 [INFO ] [restartedMain] o.s.c.s.PostProcessorRegistrationDelegate$BeanPostProcessorChecker - Bean 'dictGroupTagInterceptor' of type [com.thunisoft.artery.datadict.mybatis.interceptor.DictGroupTagInterceptor] is not eligible for getting processed by all BeanPostProcessors (for example: not eligible for auto-proxying)
2020-03-17 01:03:35 [INFO ] [restartedMain] o.s.c.s.PostProcessorRegistrationDelegate$BeanPostProcessorChecker - Bean 'org.mybatis.spring.boot.autoconfigure.MybatisAutoConfiguration' of type [org.mybatis.spring.boot.autoconfigure.MybatisAutoConfiguration$$EnhancerBySpringCGLIB$$f3b337b] is not eligible for getting processed by all BeanPostProcessors (for example: not eligible for auto-proxying)
2020-03-17 01:03:35 [INFO ] [restartedMain] o.s.c.s.PostProcessorRegistrationDelegate$BeanPostProcessorChecker - Bean 'com.alibaba.druid.spring.boot.autoconfigure.DruidDataSourceAutoConfigure' of type [com.alibaba.druid.spring.boot.autoconfigure.DruidDataSourceAutoConfigure$$EnhancerBySpringCGLIB$$f612d7bd] is not eligible for getting processed by all BeanPostProcessors (for example: not eligible for auto-proxying)
2020-03-17 01:03:35 [INFO ] [restartedMain] c.a.d.s.b.a.DruidDataSourceAutoConfigure - Init DruidDataSource
2020-03-17 01:03:35 [INFO ] [restartedMain] o.s.c.s.PostProcessorRegistrationDelegate$BeanPostProcessorChecker - Bean 'spring.datasource-org.springframework.boot.autoconfigure.jdbc.DataSourceProperties' of type [org.springframework.boot.autoconfigure.jdbc.DataSourceProperties] is not eligible for getting processed by all BeanPostProcessors (for example: not eligible for auto-proxying)
2020-03-17 01:03:35 [INFO ] [restartedMain] c.a.d.p.DruidDataSource - {dataSource-1} inited
2020-03-17 01:03:35 [INFO ] [restartedMain] o.s.c.s.PostProcessorRegistrationDelegate$BeanPostProcessorChecker - Bean 'dataSource' of type [com.alibaba.druid.spring.boot.autoconfigure.DruidDataSourceWrapper] is not eligible for getting processed by all BeanPostProcessors (for example: not eligible for auto-proxying)
2020-03-17 01:03:35 [INFO ] [restartedMain] o.s.c.s.PostProcessorRegistrationDelegate$BeanPostProcessorChecker - Bean 'sqlSessionFactory' of type [org.apache.ibatis.session.defaults.DefaultSqlSessionFactory] is not eligible for getting processed by all BeanPostProcessors (for example: not eligible for auto-proxying)
2020-03-17 01:03:35 [INFO ] [restartedMain] o.s.c.s.PostProcessorRegistrationDelegate$BeanPostProcessorChecker - Bean 'sqlSessionTemplate' of type [org.mybatis.spring.SqlSessionTemplate] is not eligible for getting processed by all BeanPostProcessors (for example: not eligible for auto-proxying)
2020-03-17 01:03:35 [INFO ] [restartedMain] o.s.c.s.PostProcessorRegistrationDelegate$BeanPostProcessorChecker - Bean 'corpMapper' of type [org.mybatis.spring.mapper.MapperFactoryBean] is not eligible for getting processed by all BeanPostProcessors (for example: not eligible for auto-proxying)
2020-03-17 01:03:35 [INFO ] [restartedMain] o.s.c.s.PostProcessorRegistrationDelegate$BeanPostProcessorChecker - Bean 'corpMapper' of type [com.sun.proxy.$Proxy68] is not eligible for getting processed by all BeanPostProcessors (for example: not eligible for auto-proxying)
2020-03-17 01:03:35 [INFO ] [restartedMain] o.s.c.s.PostProcessorRegistrationDelegate$BeanPostProcessorChecker - Bean 'deptMapper' of type [org.mybatis.spring.mapper.MapperFactoryBean] is not eligible for getting processed by all BeanPostProcessors (for example: not eligible for auto-proxying)
2020-03-17 01:03:35 [INFO ] [restartedMain] o.s.c.s.PostProcessorRegistrationDelegate$BeanPostProcessorChecker - Bean 'deptMapper' of type [com.sun.proxy.$Proxy69] is not eligible for getting processed by all BeanPostProcessors (for example: not eligible for auto-proxying)
2020-03-17 01:03:35 [INFO ] [restartedMain] o.s.c.s.PostProcessorRegistrationDelegate$BeanPostProcessorChecker - Bean 'userMapper' of type [org.mybatis.spring.mapper.MapperFactoryBean] is not eligible for getting processed by all BeanPostProcessors (for example: not eligible for auto-proxying)
2020-03-17 01:03:35 [INFO ] [restartedMain] o.s.c.s.PostProcessorRegistrationDelegate$BeanPostProcessorChecker - Bean 'userMapper' of type [com.sun.proxy.$Proxy70] is not eligible for getting processed by all BeanPostProcessors (for example: not eligible for auto-proxying)
2020-03-17 01:03:35 [INFO ] [restartedMain] o.s.c.s.PostProcessorRegistrationDelegate$BeanPostProcessorChecker - Bean 'com.thunisoft.artery.starter.config.ArteryStarterAutoConfigure' of type [com.thunisoft.artery.starter.config.ArteryStarterAutoConfigure$$EnhancerBySpringCGLIB$$ec32bf5e] is not eligible for getting processed by all BeanPostProcessors (for example: not eligible for auto-proxying)
2020-03-17 01:03:35 [INFO ] [restartedMain] o.s.c.s.PostProcessorRegistrationDelegate$BeanPostProcessorChecker - Bean 'spring.cache-org.springframework.boot.autoconfigure.cache.CacheProperties' of type [org.springframework.boot.autoconfigure.cache.CacheProperties] is not eligible for getting processed by all BeanPostProcessors (for example: not eligible for auto-proxying)
2020-03-17 01:03:35 [INFO ] [restartedMain] o.s.c.s.PostProcessorRegistrationDelegate$BeanPostProcessorChecker - Bean 'org.springframework.boot.autoconfigure.cache.CacheAutoConfiguration' of type [org.springframework.boot.autoconfigure.cache.CacheAutoConfiguration$$EnhancerBySpringCGLIB$$19ecdd0d] is not eligible for getting processed by all BeanPostProcessors (for example: not eligible for auto-proxying)
2020-03-17 01:03:35 [INFO ] [restartedMain] o.s.c.s.PostProcessorRegistrationDelegate$BeanPostProcessorChecker - Bean 'cacheManagerCustomizers' of type [org.springframework.boot.autoconfigure.cache.CacheManagerCustomizers] is not eligible for getting processed by all BeanPostProcessors (for example: not eligible for auto-proxying)
2020-03-17 01:03:35 [INFO ] [restartedMain] o.s.c.s.PostProcessorRegistrationDelegate$BeanPostProcessorChecker - Bean 'org.springframework.boot.autoconfigure.cache.SimpleCacheConfiguration' of type [org.springframework.boot.autoconfigure.cache.SimpleCacheConfiguration$$EnhancerBySpringCGLIB$$bb884fee] is not eligible for getting processed by all BeanPostProcessors (for example: not eligible for auto-proxying)
2020-03-17 01:03:35 [INFO ] [restartedMain] o.s.c.s.PostProcessorRegistrationDelegate$BeanPostProcessorChecker - Bean 'cacheManager' of type [org.springframework.cache.concurrent.ConcurrentMapCacheManager] is not eligible for getting processed by all BeanPostProcessors (for example: not eligible for auto-proxying)
2020-03-17 01:03:35 [INFO ] [restartedMain] o.s.c.s.PostProcessorRegistrationDelegate$BeanPostProcessorChecker - Bean 'arteryCacheManager' of type [com.thunisoft.artery.spring.cache.ArteryCacheManager] is not eligible for getting processed by all BeanPostProcessors (for example: not eligible for auto-proxying)
2020-03-17 01:03:35 [INFO ] [restartedMain] o.s.c.s.PostProcessorRegistrationDelegate$BeanPostProcessorChecker - Bean 'organCache' of type [com.thunisoft.artery.organ.organ.cache.ArteryOrganCache] is not eligible for getting processed by all BeanPostProcessors (for example: not eligible for auto-proxying)
2020-03-17 01:03:35 [INFO ] [restartedMain] o.s.c.s.PostProcessorRegistrationDelegate$BeanPostProcessorChecker - Bean 'organService' of type [com.thunisoft.artery.organ.organ.OrganService] is not eligible for getting processed by all BeanPostProcessors (for example: not eligible for auto-proxying)
2020-03-17 01:03:35 [INFO ] [restartedMain] o.s.c.s.PostProcessorRegistrationDelegate$BeanPostProcessorChecker - Bean 'rightMapper' of type [org.mybatis.spring.mapper.MapperFactoryBean] is not eligible for getting processed by all BeanPostProcessors (for example: not eligible for auto-proxying)
2020-03-17 01:03:35 [INFO ] [restartedMain] o.s.c.s.PostProcessorRegistrationDelegate$BeanPostProcessorChecker - Bean 'rightMapper' of type [com.sun.proxy.$Proxy72] is not eligible for getting processed by all BeanPostProcessors (for example: not eligible for auto-proxying)
2020-03-17 01:03:35 [INFO ] [restartedMain] o.s.c.s.PostProcessorRegistrationDelegate$BeanPostProcessorChecker - Bean 'roleRightMapper' of type [org.mybatis.spring.mapper.MapperFactoryBean] is not eligible for getting processed by all BeanPostProcessors (for example: not eligible for auto-proxying)
2020-03-17 01:03:35 [INFO ] [restartedMain] o.s.c.s.PostProcessorRegistrationDelegate$BeanPostProcessorChecker - Bean 'roleRightMapper' of type [com.sun.proxy.$Proxy75] is not eligible for getting processed by all BeanPostProcessors (for example: not eligible for auto-proxying)
2020-03-17 01:03:35 [INFO ] [restartedMain] o.s.c.s.PostProcessorRegistrationDelegate$BeanPostProcessorChecker - Bean 'userRightMapper' of type [org.mybatis.spring.mapper.MapperFactoryBean] is not eligible for getting processed by all BeanPostProcessors (for example: not eligible for auto-proxying)
2020-03-17 01:03:35 [INFO ] [restartedMain] o.s.c.s.PostProcessorRegistrationDelegate$BeanPostProcessorChecker - Bean 'userRightMapper' of type [com.sun.proxy.$Proxy76] is not eligible for getting processed by all BeanPostProcessors (for example: not eligible for auto-proxying)
2020-03-17 01:03:35 [INFO ] [restartedMain] o.s.c.s.PostProcessorRegistrationDelegate$BeanPostProcessorChecker - Bean 'roleMapper' of type [org.mybatis.spring.mapper.MapperFactoryBean] is not eligible for getting processed by all BeanPostProcessors (for example: not eligible for auto-proxying)
2020-03-17 01:03:35 [INFO ] [restartedMain] o.s.c.s.PostProcessorRegistrationDelegate$BeanPostProcessorChecker - Bean 'roleMapper' of type [com.sun.proxy.$Proxy77] is not eligible for getting processed by all BeanPostProcessors (for example: not eligible for auto-proxying)
2020-03-17 01:03:35 [INFO ] [restartedMain] o.s.c.s.PostProcessorRegistrationDelegate$BeanPostProcessorChecker - Bean 'rightService' of type [com.thunisoft.artery.organ.right.RightService] is not eligible for getting processed by all BeanPostProcessors (for example: not eligible for auto-proxying)
2020-03-17 01:03:35 [INFO ] [restartedMain] o.s.c.s.PostProcessorRegistrationDelegate$BeanPostProcessorChecker - Bean 'roleService' of type [com.thunisoft.artery.organ.role.RoleService] is not eligible for getting processed by all BeanPostProcessors (for example: not eligible for auto-proxying)
2020-03-17 01:03:35 [INFO ] [restartedMain] o.s.c.s.PostProcessorRegistrationDelegate$BeanPostProcessorChecker - Bean 'com.thunisoft.artery.login.starter.config.ArteryLoginConfigAutoConfigure' of type [com.thunisoft.artery.login.starter.config.ArteryLoginConfigAutoConfigure$$EnhancerBySpringCGLIB$$30aa057d] is not eligible for getting processed by all BeanPostProcessors (for example: not eligible for auto-proxying)
2020-03-17 01:03:36 [INFO ] [restartedMain] o.s.c.s.PostProcessorRegistrationDelegate$BeanPostProcessorChecker - Bean 'arteryLoginConfig' of type [com.thunisoft.artery.login.model.DefaultArteryLoginConfig] is not eligible for getting processed by all BeanPostProcessors (for example: not eligible for auto-proxying)
2020-03-17 01:03:36 [INFO ] [restartedMain] o.s.c.s.PostProcessorRegistrationDelegate$BeanPostProcessorChecker - Bean 'arteryRealm' of type [com.thunisoft.artery.login.shiro.realm.ArteryRealm] is not eligible for getting processed by all BeanPostProcessors (for example: not eligible for auto-proxying)
2020-03-17 01:03:36 [INFO ] [restartedMain] o.s.c.s.PostProcessorRegistrationDelegate$BeanPostProcessorChecker - Bean 'shiroCacheManager' of type [com.thunisoft.artery.login.starter.cache.MemoryCacheManager] is not eligible for getting processed by all BeanPostProcessors (for example: not eligible for auto-proxying)
2020-03-17 01:03:36 [INFO ] [restartedMain] o.s.c.s.PostProcessorRegistrationDelegate$BeanPostProcessorChecker - Bean 'securityManager' of type [org.apache.shiro.web.mgt.DefaultWebSecurityManager] is not eligible for getting processed by all BeanPostProcessors (for example: not eligible for auto-proxying)
2020-03-17 01:03:36 [INFO ] [restartedMain] o.s.c.s.PostProcessorRegistrationDelegate$BeanPostProcessorChecker - Bean 'authorizationAttributeSourceAdvisor' of type [org.apache.shiro.spring.security.interceptor.AuthorizationAttributeSourceAdvisor] is not eligible for getting processed by all BeanPostProcessors (for example: not eligible for auto-proxying)
2020-03-17 01:03:36 [INFO ] [restartedMain] o.s.c.s.PostProcessorRegistrationDelegate$BeanPostProcessorChecker - Bean 'org.springframework.transaction.annotation.ProxyTransactionManagementConfiguration' of type [org.springframework.transaction.annotation.ProxyTransactionManagementConfiguration$$EnhancerBySpringCGLIB$$dc66e24b] is not eligible for getting processed by all BeanPostProcessors (for example: not eligible for auto-proxying)
2020-03-17 01:03:37 [INFO ] [restartedMain] o.s.b.w.e.j.TasServletWebServerFactory - Server initialized with port: 8080
2020-03-17 01:03:37 [WARN ] [restartedMain] c.t.t.s.AbstractConnector - Ignoring deprecated socket close linger time
2020-03-17 01:03:37 [INFO ] [restartedMain] c.t.t.server.Server - tas-9.4.z-SNAPSHOT; built: 2019-06-10T16:30:51.723Z; git: afcf563148970e98786327af5e07c261fda175d3; jvm 11.0.5+10-b520.38
2020-03-17 01:03:37 [INFO ] [restartedMain] c.t.t.s.h.C.application - Initializing Spring embedded WebApplicationContext
2020-03-17 01:03:37 [INFO ] [restartedMain] o.s.w.c.ContextLoader - Root WebApplicationContext: initialization completed in 4982 ms
2020-03-17 01:03:37 [INFO ] [restartedMain] c.t.t.server.session - DefaultSessionIdManager workerName=node0
2020-03-17 01:03:37 [INFO ] [restartedMain] c.t.t.server.session - No SessionScavenger set, using defaults
2020-03-17 01:03:37 [INFO ] [restartedMain] c.t.t.server.session - node0 Scavenging every 660000ms
2020-03-17 01:03:37 [INFO ] [restartedMain] c.t.t.s.h.ContextHandler - Started c.t.t.s.a.s.TasEmbeddedWebAppContext@5d9db2e8{application,/,[file:///C:/Users/Administrator/AppData/Local/Temp/jetty-docbase.18163458523877850557.8080/, jar:file:/E:/MavenRepository/com/thunisoft/artery/artery-component/6.1.1/artery-component-6.1.1.jar!/META-INF/resources],AVAILABLE}
2020-03-17 01:03:37 [INFO ] [restartedMain] c.t.t.server.Server - Started @7996ms
2020-03-17 01:03:38 [INFO ] [restartedMain] o.s.s.c.ThreadPoolTaskExecutor - Initializing ExecutorService 'applicationTaskExecutor'
2020-03-17 01:03:39 [INFO ] [restartedMain] o.s.b.d.a.OptionalLiveReloadServer - LiveReload server is running on port 35729
2020-03-17 01:03:39 [INFO ] [restartedMain] c.t.t.s.h.C.application - Initializing Spring DispatcherServlet 'dispatcherServlet'
2020-03-17 01:03:39 [INFO ] [restartedMain] o.s.w.s.DispatcherServlet - Initializing Servlet 'dispatcherServlet'
2020-03-17 01:03:39 [INFO ] [restartedMain] o.s.w.s.DispatcherServlet - Completed initialization in 16 ms
2020-03-17 01:03:39 [INFO ] [restartedMain] c.t.t.s.AbstractConnector - Started ServerConnector@1c16aa52{HTTP/1.1,[http/1.1]}{0.0.0.0:8080}
2020-03-17 01:03:39 [INFO ] [restartedMain] c.t.t.s.a.s.TasWebServer - Tas 启动成功，端口号： 8080 (http/1.1), contextPath: '/'
2020-03-17 01:03:39 [INFO ] [restartedMain] c.w.l.LddwApplication - Started LddwApplication in 7.875 seconds (JVM running for 9.978)
